boom.ms/:240          GET https://s.clickiocdn.com/t/222322/360_light.js net::ERR_BLOCKED_BY_CLIENT
boom.ms/:176          GET https://pagead2.googlesyndication.com/pagead/js/adsbygoogle.js net::ERR_BLOCKED_BY_CLIENT
single-entry.min.js?time=1609102300:2          GET https://s.clickiocdn.com/t/222322/360_light.js net::ERR_BLOCKED_BY_CLIENT
send @ single-entry.min.js?time=1609102300:2
ajax @ single-entry.min.js?time=1609102300:2
k._evalUrl @ single-entry.min.js?time=1609102300:2
Le @ single-entry.min.js?time=1609102300:2
append @ single-entry.min.js?time=1609102300:2
(anonymous) @ ?fbclid=IwAR0ggAYxg-DDybNfMam3gXIC4-3pMKy-ExGuvPAMUZNIid07cAkzzc6zJ0s:1110
each @ single-entry.min.js?time=1609102300:2
each @ single-entry.min.js?time=1609102300:2
v @ ?fbclid=IwAR0ggAYxg-DDybNfMam3gXIC4-3pMKy-ExGuvPAMUZNIid07cAkzzc6zJ0s:1107
(anonymous) @ ?fbclid=IwAR0ggAYxg-DDybNfMam3gXIC4-3pMKy-ExGuvPAMUZNIid07cAkzzc6zJ0s:1112
o @ single-entry.min.js?time=1609102300:2
fireWith @ single-entry.min.js?time=1609102300:2
l @ single-entry.min.js?time=1609102300:2
(anonymous) @ single-entry.min.js?time=1609102300:2
load (async)
send @ single-entry.min.js?time=1609102300:2
ajax @ single-entry.min.js?time=1609102300:2
k.<computed> @ single-entry.min.js?time=1609102300:2
ai_process_ip_addresses @ ?fbclid=IwAR0ggAYxg-DDybNfMam3gXIC4-3pMKy-ExGuvPAMUZNIid07cAkzzc6zJ0s:1112
(anonymous) @ ?fbclid=IwAR0ggAYxg-DDybNfMam3gXIC4-3pMKy-ExGuvPAMUZNIid07cAkzzc6zJ0s:1113
setTimeout (async)
(anonymous) @ ?fbclid=IwAR0ggAYxg-DDybNfMam3gXIC4-3pMKy-ExGuvPAMUZNIid07cAkzzc6zJ0s:1113
e @ single-entry.min.js?time=1609102300:2
t @ single-entry.min.js?time=1609102300:2
setTimeout (async)
(anonymous) @ single-entry.min.js?time=1609102300:2
o @ single-entry.min.js?time=1609102300:2
add @ single-entry.min.js?time=1609102300:2
(anonymous) @ single-entry.min.js?time=1609102300:2
Deferred @ single-entry.min.js?time=1609102300:2
then @ single-entry.min.js?time=1609102300:2
k.fn.ready @ single-entry.min.js?time=1609102300:2
(anonymous) @ ?fbclid=IwAR0ggAYxg-DDybNfMam3gXIC4-3pMKy-ExGuvPAMUZNIid07cAkzzc6zJ0s:1113
e @ single-entry.min.js?time=1609102300:2
t @ single-entry.min.js?time=1609102300:2
setTimeout (async)
(anonymous) @ single-entry.min.js?time=1609102300:2
o @ single-entry.min.js?time=1609102300:2
fireWith @ single-entry.min.js?time=1609102300:2
fire @ single-entry.min.js?time=1609102300:2
o @ single-entry.min.js?time=1609102300:2
fireWith @ single-entry.min.js?time=1609102300:2
ready @ single-entry.min.js?time=1609102300:2
M @ single-entry.min.js?time=1609102300:2
